[ INFO ] [2018-02-02 16:38:36] boot.NoticeApplication [597] - The following profiles are active: dev
[ INFO ] [2018-02-02 16:38:36] org.springframework.boot.context.embedded.AnnotationConfigEmbeddedWebApplicationContext [583] - Refreshing org.springframework.boot.context.embedded.AnnotationConfigEmbeddedWebApplicationContext@77258e59: startup date [Fri Feb 02 16:38:36 CST 2018]; parent: org.springframework.context.annotation.AnnotationConfigApplicationContext@55182842
[ INFO ] [2018-02-02 16:38:39] org.springframework.cloud.context.scope.GenericScope [263] - BeanFactory id=1c97f9e2-adf1-37e8-80e7-1319c7ba5871
[ INFO ] [2018-02-02 16:38:40] org.springframework.boot.context.embedded.tomcat.TomcatEmbeddedServletContainer [89] - Tomcat initialized with port(s): 8090 (http)
[ INFO ] [2018-02-02 16:38:40] org.springframework.web.context.ContextLoader [276] - Root WebApplicationContext: initialization completed in 3184 ms
[ INFO ] [2018-02-02 16:38:40] org.springframework.boot.web.servlet.ServletRegistrationBean [190] - Mapping servlet: 'dispatcherServlet' to [/]
[ INFO ] [2018-02-02 16:38:40] org.springframework.boot.web.servlet.FilterRegistrationBean [258] - Mapping filter: 'characterEncodingFilter' to: [/*]
[ INFO ] [2018-02-02 16:38:40] org.springframework.boot.web.servlet.FilterRegistrationBean [258] - Mapping filter: 'hiddenHttpMethodFilter' to: [/*]
[ INFO ] [2018-02-02 16:38:40] org.springframework.boot.web.servlet.FilterRegistrationBean [258] - Mapping filter: 'httpPutFormContentFilter' to: [/*]
[ INFO ] [2018-02-02 16:38:40] org.springframework.boot.web.servlet.FilterRegistrationBean [258] - Mapping filter: 'requestContextFilter' to: [/*]
[ INFO ] [2018-02-02 16:38:41] org.springframework.cloud.commons.util.InetUtils [170] - Cannot determine local hostname
[ INFO ] [2018-02-02 16:38:42] org.springframework.web.servlet.mvc.method.annotation.RequestMappingHandlerAdapter [534] - Looking for @ControllerAdvice: org.springframework.boot.context.embedded.AnnotationConfigEmbeddedWebApplicationContext@77258e59: startup date [Fri Feb 02 16:38:36 CST 2018]; parent: org.springframework.context.annotation.AnnotationConfigApplicationContext@55182842
[ INFO ] [2018-02-02 16:38:42] org.springframework.web.servlet.mvc.method.annotation.RequestMappingHandlerMapping [543] - Mapped "{[/error]}" onto public org.springframework.http.ResponseEntity<java.util.Map<java.lang.String, java.lang.Object>> org.springframework.boot.autoconfigure.web.BasicErrorController.error(javax.servlet.http.HttpServletRequest)
[ INFO ] [2018-02-02 16:38:42] org.springframework.web.servlet.mvc.method.annotation.RequestMappingHandlerMapping [543] - Mapped "{[/error],produces=[text/html]}" onto public org.springframework.web.servlet.ModelAndView org.springframework.boot.autoconfigure.web.BasicErrorController.errorHtml(javax.servlet.http.HttpServletRequest,javax.servlet.http.HttpServletResponse)
[ INFO ] [2018-02-02 16:38:42] org.springframework.web.servlet.handler.SimpleUrlHandlerMapping [362] - Mapped URL path [/webjars/**] onto handler of type [class org.springframework.web.servlet.resource.ResourceHttpRequestHandler]
[ INFO ] [2018-02-02 16:38:42] org.springframework.web.servlet.handler.SimpleUrlHandlerMapping [362] - Mapped URL path [/**] onto handler of type [class org.springframework.web.servlet.resource.ResourceHttpRequestHandler]
[ INFO ] [2018-02-02 16:38:42] org.springframework.web.servlet.handler.SimpleUrlHandlerMapping [362] - Mapped URL path [/**/favicon.ico] onto handler of type [class org.springframework.web.servlet.resource.ResourceHttpRequestHandler]
[ WARN ] [2018-02-02 16:38:43] com.netflix.config.sources.URLConfigurationSource [121] - No URLs will be polled as dynamic configuration sources.
[ INFO ] [2018-02-02 16:38:43] com.netflix.config.sources.URLConfigurationSource [122] - To enable URLs as dynamic configuration sources, define System property archaius.configurationSource.additionalUrls or make config.properties available on classpath.
[ WARN ] [2018-02-02 16:38:43] com.netflix.config.sources.URLConfigurationSource [121] - No URLs will be polled as dynamic configuration sources.
[ INFO ] [2018-02-02 16:38:43] com.netflix.config.sources.URLConfigurationSource [122] - To enable URLs as dynamic configuration sources, define System property archaius.configurationSource.additionalUrls or make config.properties available on classpath.
[ INFO ] [2018-02-02 16:38:43] org.springframework.cloud.netflix.eureka.InstanceInfoFactory [70] - Setting initial instance status as: STARTING
[ INFO ] [2018-02-02 16:38:43] com.netflix.discovery.DiscoveryClient [344] - Initializing Eureka in region us-east-1
[ INFO ] [2018-02-02 16:38:44] com.netflix.discovery.provider.DiscoveryJerseyProvider [70] - Using JSON encoding codec LegacyJacksonJson
[ INFO ] [2018-02-02 16:38:44] com.netflix.discovery.provider.DiscoveryJerseyProvider [71] - Using JSON decoding codec LegacyJacksonJson
[ INFO ] [2018-02-02 16:38:45] com.netflix.discovery.provider.DiscoveryJerseyProvider [80] - Using XML encoding codec XStreamXml
[ INFO ] [2018-02-02 16:38:45] com.netflix.discovery.provider.DiscoveryJerseyProvider [81] - Using XML decoding codec XStreamXml
[ INFO ] [2018-02-02 16:38:46] com.netflix.discovery.shared.resolver.aws.ConfigClusterResolver [43] - Resolving eureka endpoints via configuration
[ INFO ] [2018-02-02 16:38:46] com.netflix.discovery.DiscoveryClient [920] - Disable delta property : false
[ INFO ] [2018-02-02 16:38:46] com.netflix.discovery.DiscoveryClient [921] - Single vip registry refresh property : null
[ INFO ] [2018-02-02 16:38:46] com.netflix.discovery.DiscoveryClient [922] - Force full registry fetch : false
[ INFO ] [2018-02-02 16:38:46] com.netflix.discovery.DiscoveryClient [923] - Application is null : false
[ INFO ] [2018-02-02 16:38:46] com.netflix.discovery.DiscoveryClient [924] - Registered Applications size is zero : true
[ INFO ] [2018-02-02 16:38:46] com.netflix.discovery.DiscoveryClient [926] - Application version is -1: true
[ INFO ] [2018-02-02 16:38:46] com.netflix.discovery.DiscoveryClient [1009] - Getting all instance registry info from the eureka server
[ INFO ] [2018-02-02 16:38:47] com.netflix.discovery.DiscoveryClient [1018] - The response status is 200
[ INFO ] [2018-02-02 16:38:47] com.netflix.discovery.DiscoveryClient [1244] - Starting heartbeat executor: renew interval is: 30
[ INFO ] [2018-02-02 16:38:47] com.netflix.discovery.InstanceInfoReplicator [59] - InstanceInfoReplicator onDemand update allowed rate per min is 4
[ INFO ] [2018-02-02 16:38:47] com.netflix.discovery.DiscoveryClient [425] - Discovery Client initialized at timestamp 1517560727243 with initial instances count: 0
[ INFO ] [2018-02-02 16:38:47] org.springframework.cloud.netflix.eureka.serviceregistry.EurekaServiceRegistry [40] - Registering application frist-springboot-notice with eureka with status UP
[ INFO ] [2018-02-02 16:38:47] com.netflix.discovery.DiscoveryClient [1279] - Saw local status change event StatusChangeEvent [timestamp=1517560727265, current=UP, previous=STARTING]
[ INFO ] [2018-02-02 16:38:47] com.netflix.discovery.DiscoveryClient [795] - DiscoveryClient_FRIST-SPRINGBOOT-NOTICE/localhost:frist-springboot-notice:8090: registering service...
[ INFO ] [2018-02-02 16:38:47] com.netflix.discovery.DiscoveryClient [804] - DiscoveryClient_FRIST-SPRINGBOOT-NOTICE/localhost:frist-springboot-notice:8090 - registration status: 204
[ INFO ] [2018-02-02 16:38:48] org.springframework.boot.context.embedded.tomcat.TomcatEmbeddedServletContainer [201] - Tomcat started on port(s): 8090 (http)
[ INFO ] [2018-02-02 16:38:48] org.springframework.cloud.netflix.eureka.serviceregistry.EurekaAutoServiceRegistration [117] - Updating port to 8090
[ INFO ] [2018-02-02 16:38:48] boot.NoticeApplication [57] - Started NoticeApplication in 16.241 seconds (JVM running for 17.399)
[ INFO ] [2018-02-02 16:39:17] com.netflix.discovery.DiscoveryClient [920] - Disable delta property : false
[ INFO ] [2018-02-02 16:39:17] com.netflix.discovery.DiscoveryClient [921] - Single vip registry refresh property : null
[ INFO ] [2018-02-02 16:39:17] com.netflix.discovery.DiscoveryClient [922] - Force full registry fetch : false
[ INFO ] [2018-02-02 16:39:17] com.netflix.discovery.DiscoveryClient [923] - Application is null : false
[ INFO ] [2018-02-02 16:39:17] com.netflix.discovery.DiscoveryClient [924] - Registered Applications size is zero : true
[ INFO ] [2018-02-02 16:39:17] com.netflix.discovery.DiscoveryClient [926] - Application version is -1: false
[ INFO ] [2018-02-02 16:39:17] com.netflix.discovery.DiscoveryClient [1009] - Getting all instance registry info from the eureka server
[ INFO ] [2018-02-02 16:39:17] com.netflix.discovery.DiscoveryClient [1018] - The response status is 200
[ INFO ] [2018-02-02 16:41:50] boot.NoticeApplication [597] - The following profiles are active: dev
[ INFO ] [2018-02-02 16:41:50] org.springframework.boot.context.embedded.AnnotationConfigEmbeddedWebApplicationContext [583] - Refreshing org.springframework.boot.context.embedded.AnnotationConfigEmbeddedWebApplicationContext@77258e59: startup date [Fri Feb 02 16:41:50 CST 2018]; parent: org.springframework.context.annotation.AnnotationConfigApplicationContext@55182842
[ INFO ] [2018-02-02 16:41:51] org.springframework.cloud.context.scope.GenericScope [263] - BeanFactory id=1c97f9e2-adf1-37e8-80e7-1319c7ba5871
[ INFO ] [2018-02-02 16:41:51] org.springframework.boot.context.embedded.tomcat.TomcatEmbeddedServletContainer [89] - Tomcat initialized with port(s): 8090 (http)
[ INFO ] [2018-02-02 16:41:51] org.springframework.web.context.ContextLoader [276] - Root WebApplicationContext: initialization completed in 1379 ms
[ INFO ] [2018-02-02 16:41:51] org.springframework.boot.web.servlet.ServletRegistrationBean [190] - Mapping servlet: 'dispatcherServlet' to [/]
[ INFO ] [2018-02-02 16:41:51] org.springframework.boot.web.servlet.FilterRegistrationBean [258] - Mapping filter: 'characterEncodingFilter' to: [/*]
[ INFO ] [2018-02-02 16:41:51] org.springframework.boot.web.servlet.FilterRegistrationBean [258] - Mapping filter: 'hiddenHttpMethodFilter' to: [/*]
[ INFO ] [2018-02-02 16:41:51] org.springframework.boot.web.servlet.FilterRegistrationBean [258] - Mapping filter: 'httpPutFormContentFilter' to: [/*]
[ INFO ] [2018-02-02 16:41:51] org.springframework.boot.web.servlet.FilterRegistrationBean [258] - Mapping filter: 'requestContextFilter' to: [/*]
[ INFO ] [2018-02-02 16:41:53] org.springframework.cloud.commons.util.InetUtils [170] - Cannot determine local hostname
[ INFO ] [2018-02-02 16:41:53] org.springframework.web.servlet.mvc.method.annotation.RequestMappingHandlerAdapter [534] - Looking for @ControllerAdvice: org.springframework.boot.context.embedded.AnnotationConfigEmbeddedWebApplicationContext@77258e59: startup date [Fri Feb 02 16:41:50 CST 2018]; parent: org.springframework.context.annotation.AnnotationConfigApplicationContext@55182842
[ INFO ] [2018-02-02 16:41:53] org.springframework.web.servlet.mvc.method.annotation.RequestMappingHandlerMapping [543] - Mapped "{[/error]}" onto public org.springframework.http.ResponseEntity<java.util.Map<java.lang.String, java.lang.Object>> org.springframework.boot.autoconfigure.web.BasicErrorController.error(javax.servlet.http.HttpServletRequest)
[ INFO ] [2018-02-02 16:41:53] org.springframework.web.servlet.mvc.method.annotation.RequestMappingHandlerMapping [543] - Mapped "{[/error],produces=[text/html]}" onto public org.springframework.web.servlet.ModelAndView org.springframework.boot.autoconfigure.web.BasicErrorController.errorHtml(javax.servlet.http.HttpServletRequest,javax.servlet.http.HttpServletResponse)
[ INFO ] [2018-02-02 16:41:53] org.springframework.web.servlet.handler.SimpleUrlHandlerMapping [362] - Mapped URL path [/webjars/**] onto handler of type [class org.springframework.web.servlet.resource.ResourceHttpRequestHandler]
[ INFO ] [2018-02-02 16:41:53] org.springframework.web.servlet.handler.SimpleUrlHandlerMapping [362] - Mapped URL path [/**] onto handler of type [class org.springframework.web.servlet.resource.ResourceHttpRequestHandler]
[ INFO ] [2018-02-02 16:41:53] org.springframework.web.servlet.handler.SimpleUrlHandlerMapping [362] - Mapped URL path [/**/favicon.ico] onto handler of type [class org.springframework.web.servlet.resource.ResourceHttpRequestHandler]
[ WARN ] [2018-02-02 16:41:54] com.netflix.config.sources.URLConfigurationSource [121] - No URLs will be polled as dynamic configuration sources.
[ INFO ] [2018-02-02 16:41:54] com.netflix.config.sources.URLConfigurationSource [122] - To enable URLs as dynamic configuration sources, define System property archaius.configurationSource.additionalUrls or make config.properties available on classpath.
[ WARN ] [2018-02-02 16:41:54] com.netflix.config.sources.URLConfigurationSource [121] - No URLs will be polled as dynamic configuration sources.
[ INFO ] [2018-02-02 16:41:54] com.netflix.config.sources.URLConfigurationSource [122] - To enable URLs as dynamic configuration sources, define System property archaius.configurationSource.additionalUrls or make config.properties available on classpath.
[ INFO ] [2018-02-02 16:41:54] org.springframework.cloud.netflix.eureka.InstanceInfoFactory [70] - Setting initial instance status as: STARTING
[ INFO ] [2018-02-02 16:41:54] com.netflix.discovery.DiscoveryClient [344] - Initializing Eureka in region us-east-1
[ INFO ] [2018-02-02 16:41:55] com.netflix.discovery.provider.DiscoveryJerseyProvider [70] - Using JSON encoding codec LegacyJacksonJson
[ INFO ] [2018-02-02 16:41:55] com.netflix.discovery.provider.DiscoveryJerseyProvider [71] - Using JSON decoding codec LegacyJacksonJson
[ INFO ] [2018-02-02 16:41:55] com.netflix.discovery.provider.DiscoveryJerseyProvider [80] - Using XML encoding codec XStreamXml
[ INFO ] [2018-02-02 16:41:55] com.netflix.discovery.provider.DiscoveryJerseyProvider [81] - Using XML decoding codec XStreamXml
[ INFO ] [2018-02-02 16:41:55] com.netflix.discovery.shared.resolver.aws.ConfigClusterResolver [43] - Resolving eureka endpoints via configuration
[ INFO ] [2018-02-02 16:41:55] com.netflix.discovery.DiscoveryClient [920] - Disable delta property : false
[ INFO ] [2018-02-02 16:41:55] com.netflix.discovery.DiscoveryClient [921] - Single vip registry refresh property : null
[ INFO ] [2018-02-02 16:41:55] com.netflix.discovery.DiscoveryClient [922] - Force full registry fetch : false
[ INFO ] [2018-02-02 16:41:55] com.netflix.discovery.DiscoveryClient [923] - Application is null : false
[ INFO ] [2018-02-02 16:41:55] com.netflix.discovery.DiscoveryClient [924] - Registered Applications size is zero : true
[ INFO ] [2018-02-02 16:41:55] com.netflix.discovery.DiscoveryClient [926] - Application version is -1: true
[ INFO ] [2018-02-02 16:41:55] com.netflix.discovery.DiscoveryClient [1009] - Getting all instance registry info from the eureka server
[ INFO ] [2018-02-02 16:41:55] com.netflix.discovery.DiscoveryClient [1018] - The response status is 200
[ INFO ] [2018-02-02 16:41:55] com.netflix.discovery.DiscoveryClient [1244] - Starting heartbeat executor: renew interval is: 30
[ INFO ] [2018-02-02 16:41:55] com.netflix.discovery.InstanceInfoReplicator [59] - InstanceInfoReplicator onDemand update allowed rate per min is 4
[ INFO ] [2018-02-02 16:41:55] com.netflix.discovery.DiscoveryClient [425] - Discovery Client initialized at timestamp 1517560915959 with initial instances count: 1
[ INFO ] [2018-02-02 16:41:55] org.springframework.cloud.netflix.eureka.serviceregistry.EurekaServiceRegistry [40] - Registering application frist-springboot-notice with eureka with status UP
[ INFO ] [2018-02-02 16:41:55] com.netflix.discovery.DiscoveryClient [1279] - Saw local status change event StatusChangeEvent [timestamp=1517560915987, current=UP, previous=STARTING]
[ INFO ] [2018-02-02 16:41:55] com.netflix.discovery.DiscoveryClient [795] - DiscoveryClient_FRIST-SPRINGBOOT-NOTICE/localhost:frist-springboot-notice:8090: registering service...
[ INFO ] [2018-02-02 16:41:56] com.netflix.discovery.DiscoveryClient [804] - DiscoveryClient_FRIST-SPRINGBOOT-NOTICE/localhost:frist-springboot-notice:8090 - registration status: 204
[ INFO ] [2018-02-02 16:41:56] org.springframework.boot.context.embedded.tomcat.TomcatEmbeddedServletContainer [201] - Tomcat started on port(s): 8090 (http)
[ INFO ] [2018-02-02 16:41:56] org.springframework.cloud.netflix.eureka.serviceregistry.EurekaAutoServiceRegistration [117] - Updating port to 8090
[ INFO ] [2018-02-02 16:41:56] boot.NoticeApplication [57] - Started NoticeApplication in 10.759 seconds (JVM running for 12.118)
[ INFO ] [2018-02-02 16:43:59] boot.NoticeApplication [597] - The following profiles are active: dev
[ INFO ] [2018-02-02 16:43:59] org.springframework.boot.context.embedded.AnnotationConfigEmbeddedWebApplicationContext [583] - Refreshing org.springframework.boot.context.embedded.AnnotationConfigEmbeddedWebApplicationContext@142269f2: startup date [Fri Feb 02 16:43:59 CST 2018]; parent: org.springframework.context.annotation.AnnotationConfigApplicationContext@55182842
[ INFO ] [2018-02-02 16:44:00] org.springframework.cloud.context.scope.GenericScope [263] - BeanFactory id=1c97f9e2-adf1-37e8-80e7-1319c7ba5871
[ INFO ] [2018-02-02 16:44:03] org.springframework.boot.context.embedded.tomcat.TomcatEmbeddedServletContainer [89] - Tomcat initialized with port(s): 8090 (http)
[ INFO ] [2018-02-02 16:44:03] org.springframework.web.context.ContextLoader [276] - Root WebApplicationContext: initialization completed in 4695 ms
[ INFO ] [2018-02-02 16:44:04] org.springframework.boot.web.servlet.ServletRegistrationBean [190] - Mapping servlet: 'dispatcherServlet' to [/]
[ INFO ] [2018-02-02 16:44:04] org.springframework.boot.web.servlet.FilterRegistrationBean [258] - Mapping filter: 'characterEncodingFilter' to: [/*]
[ INFO ] [2018-02-02 16:44:04] org.springframework.boot.web.servlet.FilterRegistrationBean [258] - Mapping filter: 'hiddenHttpMethodFilter' to: [/*]
[ INFO ] [2018-02-02 16:44:04] org.springframework.boot.web.servlet.FilterRegistrationBean [258] - Mapping filter: 'httpPutFormContentFilter' to: [/*]
[ INFO ] [2018-02-02 16:44:04] org.springframework.boot.web.servlet.FilterRegistrationBean [258] - Mapping filter: 'requestContextFilter' to: [/*]
[ INFO ] [2018-02-02 16:44:05] org.springframework.cloud.commons.util.InetUtils [170] - Cannot determine local hostname
[ INFO ] [2018-02-02 16:44:06] org.springframework.web.servlet.mvc.method.annotation.RequestMappingHandlerAdapter [534] - Looking for @ControllerAdvice: org.springframework.boot.context.embedded.AnnotationConfigEmbeddedWebApplicationContext@142269f2: startup date [Fri Feb 02 16:43:59 CST 2018]; parent: org.springframework.context.annotation.AnnotationConfigApplicationContext@55182842
[ INFO ] [2018-02-02 16:44:06] org.springframework.web.servlet.mvc.method.annotation.RequestMappingHandlerMapping [543] - Mapped "{[/error]}" onto public org.springframework.http.ResponseEntity<java.util.Map<java.lang.String, java.lang.Object>> org.springframework.boot.autoconfigure.web.BasicErrorController.error(javax.servlet.http.HttpServletRequest)
[ INFO ] [2018-02-02 16:44:06] org.springframework.web.servlet.mvc.method.annotation.RequestMappingHandlerMapping [543] - Mapped "{[/error],produces=[text/html]}" onto public org.springframework.web.servlet.ModelAndView org.springframework.boot.autoconfigure.web.BasicErrorController.errorHtml(javax.servlet.http.HttpServletRequest,javax.servlet.http.HttpServletResponse)
[ INFO ] [2018-02-02 16:44:06] org.springframework.web.servlet.handler.SimpleUrlHandlerMapping [362] - Mapped URL path [/webjars/**] onto handler of type [class org.springframework.web.servlet.resource.ResourceHttpRequestHandler]
[ INFO ] [2018-02-02 16:44:06] org.springframework.web.servlet.handler.SimpleUrlHandlerMapping [362] - Mapped URL path [/**] onto handler of type [class org.springframework.web.servlet.resource.ResourceHttpRequestHandler]
[ INFO ] [2018-02-02 16:44:06] org.springframework.web.servlet.handler.SimpleUrlHandlerMapping [362] - Mapped URL path [/**/favicon.ico] onto handler of type [class org.springframework.web.servlet.resource.ResourceHttpRequestHandler]
[ WARN ] [2018-02-02 16:44:14] com.netflix.config.sources.URLConfigurationSource [121] - No URLs will be polled as dynamic configuration sources.
[ INFO ] [2018-02-02 16:44:14] com.netflix.config.sources.URLConfigurationSource [122] - To enable URLs as dynamic configuration sources, define System property archaius.configurationSource.additionalUrls or make config.properties available on classpath.
[ WARN ] [2018-02-02 16:44:14] com.netflix.config.sources.URLConfigurationSource [121] - No URLs will be polled as dynamic configuration sources.
[ INFO ] [2018-02-02 16:44:14] com.netflix.config.sources.URLConfigurationSource [122] - To enable URLs as dynamic configuration sources, define System property archaius.configurationSource.additionalUrls or make config.properties available on classpath.
[ INFO ] [2018-02-02 16:44:15] org.springframework.cloud.netflix.eureka.InstanceInfoFactory [70] - Setting initial instance status as: STARTING
[ INFO ] [2018-02-02 16:44:17] com.netflix.discovery.DiscoveryClient [344] - Initializing Eureka in region us-east-1
[ INFO ] [2018-02-02 16:44:25] com.netflix.discovery.provider.DiscoveryJerseyProvider [70] - Using JSON encoding codec LegacyJacksonJson
[ INFO ] [2018-02-02 16:44:25] com.netflix.discovery.provider.DiscoveryJerseyProvider [71] - Using JSON decoding codec LegacyJacksonJson
[ INFO ] [2018-02-02 16:44:27] com.netflix.discovery.provider.DiscoveryJerseyProvider [80] - Using XML encoding codec XStreamXml
[ INFO ] [2018-02-02 16:44:27] com.netflix.discovery.provider.DiscoveryJerseyProvider [81] - Using XML decoding codec XStreamXml
[ INFO ] [2018-02-02 16:44:27] com.netflix.discovery.shared.resolver.aws.ConfigClusterResolver [43] - Resolving eureka endpoints via configuration
[ INFO ] [2018-02-02 16:44:28] com.netflix.discovery.DiscoveryClient [920] - Disable delta property : false
[ INFO ] [2018-02-02 16:44:28] com.netflix.discovery.DiscoveryClient [921] - Single vip registry refresh property : null
[ INFO ] [2018-02-02 16:44:28] com.netflix.discovery.DiscoveryClient [922] - Force full registry fetch : false
[ INFO ] [2018-02-02 16:44:28] com.netflix.discovery.DiscoveryClient [923] - Application is null : false
[ INFO ] [2018-02-02 16:44:28] com.netflix.discovery.DiscoveryClient [924] - Registered Applications size is zero : true
[ INFO ] [2018-02-02 16:45:41] com.netflix.discovery.DiscoveryClient [926] - Application version is -1: true
[ INFO ] [2018-02-02 16:45:41] com.netflix.discovery.DiscoveryClient [1009] - Getting all instance registry info from the eureka server
[ INFO ] [2018-02-02 16:45:43] com.netflix.discovery.DiscoveryClient [1018] - The response status is 200
[ INFO ] [2018-02-02 16:45:44] com.netflix.discovery.DiscoveryClient [1244] - Starting heartbeat executor: renew interval is: 30
[ INFO ] [2018-02-02 16:45:44] com.netflix.discovery.InstanceInfoReplicator [59] - InstanceInfoReplicator onDemand update allowed rate per min is 4
[ INFO ] [2018-02-02 16:45:44] com.netflix.discovery.DiscoveryClient [425] - Discovery Client initialized at timestamp 1517561144139 with initial instances count: 1
[ INFO ] [2018-02-02 16:45:44] org.springframework.cloud.netflix.eureka.serviceregistry.EurekaServiceRegistry [40] - Registering application frist-springboot-notice with eureka with status UP
[ INFO ] [2018-02-02 16:45:44] com.netflix.discovery.DiscoveryClient [1279] - Saw local status change event StatusChangeEvent [timestamp=1517561144248, current=UP, previous=STARTING]
[ INFO ] [2018-02-02 16:45:44] com.netflix.discovery.DiscoveryClient [795] - DiscoveryClient_FRIST-SPRINGBOOT-NOTICE/localhost:frist-springboot-notice:8090: registering service...
[ INFO ] [2018-02-02 16:45:44] com.netflix.discovery.DiscoveryClient [804] - DiscoveryClient_FRIST-SPRINGBOOT-NOTICE/localhost:frist-springboot-notice:8090 - registration status: 204
[ INFO ] [2018-02-02 16:45:48] org.springframework.boot.context.embedded.tomcat.TomcatEmbeddedServletContainer [201] - Tomcat started on port(s): 8090 (http)
[ INFO ] [2018-02-02 16:45:48] org.springframework.cloud.netflix.eureka.serviceregistry.EurekaAutoServiceRegistration [117] - Updating port to 8090
[ INFO ] [2018-02-02 16:45:48] boot.NoticeApplication [57] - Started NoticeApplication in 114.481 seconds (JVM running for 116.072)
[ INFO ] [2018-02-02 16:46:27] boot.NoticeApplication [597] - The following profiles are active: dev
[ INFO ] [2018-02-02 16:46:27] org.springframework.boot.context.embedded.AnnotationConfigEmbeddedWebApplicationContext [583] - Refreshing org.springframework.boot.context.embedded.AnnotationConfigEmbeddedWebApplicationContext@77258e59: startup date [Fri Feb 02 16:46:27 CST 2018]; parent: org.springframework.context.annotation.AnnotationConfigApplicationContext@55182842
[ INFO ] [2018-02-02 16:46:28] org.springframework.cloud.context.scope.GenericScope [263] - BeanFactory id=1c97f9e2-adf1-37e8-80e7-1319c7ba5871
[ INFO ] [2018-02-02 16:46:29] org.springframework.boot.context.embedded.tomcat.TomcatEmbeddedServletContainer [89] - Tomcat initialized with port(s): 8090 (http)
[ INFO ] [2018-02-02 16:46:30] org.springframework.web.context.ContextLoader [276] - Root WebApplicationContext: initialization completed in 3210 ms
[ INFO ] [2018-02-02 16:46:30] org.springframework.boot.web.servlet.ServletRegistrationBean [190] - Mapping servlet: 'dispatcherServlet' to [/]
[ INFO ] [2018-02-02 16:46:30] org.springframework.boot.web.servlet.FilterRegistrationBean [258] - Mapping filter: 'characterEncodingFilter' to: [/*]
[ INFO ] [2018-02-02 16:46:30] org.springframework.boot.web.servlet.FilterRegistrationBean [258] - Mapping filter: 'hiddenHttpMethodFilter' to: [/*]
[ INFO ] [2018-02-02 16:46:30] org.springframework.boot.web.servlet.FilterRegistrationBean [258] - Mapping filter: 'httpPutFormContentFilter' to: [/*]
[ INFO ] [2018-02-02 16:46:30] org.springframework.boot.web.servlet.FilterRegistrationBean [258] - Mapping filter: 'requestContextFilter' to: [/*]
[ INFO ] [2018-02-02 16:46:32] org.springframework.cloud.commons.util.InetUtils [170] - Cannot determine local hostname
[ INFO ] [2018-02-02 16:46:32] org.springframework.web.servlet.mvc.method.annotation.RequestMappingHandlerAdapter [534] - Looking for @ControllerAdvice: org.springframework.boot.context.embedded.AnnotationConfigEmbeddedWebApplicationContext@77258e59: startup date [Fri Feb 02 16:46:27 CST 2018]; parent: org.springframework.context.annotation.AnnotationConfigApplicationContext@55182842
[ INFO ] [2018-02-02 16:46:32] org.springframework.web.servlet.mvc.method.annotation.RequestMappingHandlerMapping [543] - Mapped "{[/error]}" onto public org.springframework.http.ResponseEntity<java.util.Map<java.lang.String, java.lang.Object>> org.springframework.boot.autoconfigure.web.BasicErrorController.error(javax.servlet.http.HttpServletRequest)
[ INFO ] [2018-02-02 16:46:32] org.springframework.web.servlet.mvc.method.annotation.RequestMappingHandlerMapping [543] - Mapped "{[/error],produces=[text/html]}" onto public org.springframework.web.servlet.ModelAndView org.springframework.boot.autoconfigure.web.BasicErrorController.errorHtml(javax.servlet.http.HttpServletRequest,javax.servlet.http.HttpServletResponse)
[ INFO ] [2018-02-02 16:46:32] org.springframework.web.servlet.handler.SimpleUrlHandlerMapping [362] - Mapped URL path [/webjars/**] onto handler of type [class org.springframework.web.servlet.resource.ResourceHttpRequestHandler]
[ INFO ] [2018-02-02 16:46:32] org.springframework.web.servlet.handler.SimpleUrlHandlerMapping [362] - Mapped URL path [/**] onto handler of type [class org.springframework.web.servlet.resource.ResourceHttpRequestHandler]
[ INFO ] [2018-02-02 16:46:32] org.springframework.web.servlet.handler.SimpleUrlHandlerMapping [362] - Mapped URL path [/**/favicon.ico] onto handler of type [class org.springframework.web.servlet.resource.ResourceHttpRequestHandler]
[ WARN ] [2018-02-02 16:46:33] com.netflix.config.sources.URLConfigurationSource [121] - No URLs will be polled as dynamic configuration sources.
[ INFO ] [2018-02-02 16:46:33] com.netflix.config.sources.URLConfigurationSource [122] - To enable URLs as dynamic configuration sources, define System property archaius.configurationSource.additionalUrls or make config.properties available on classpath.
[ WARN ] [2018-02-02 16:46:33] com.netflix.config.sources.URLConfigurationSource [121] - No URLs will be polled as dynamic configuration sources.
[ INFO ] [2018-02-02 16:46:33] com.netflix.config.sources.URLConfigurationSource [122] - To enable URLs as dynamic configuration sources, define System property archaius.configurationSource.additionalUrls or make config.properties available on classpath.
[ INFO ] [2018-02-02 16:46:33] org.springframework.cloud.netflix.eureka.InstanceInfoFactory [70] - Setting initial instance status as: STARTING
[ INFO ] [2018-02-02 16:46:33] com.netflix.discovery.DiscoveryClient [344] - Initializing Eureka in region us-east-1
[ INFO ] [2018-02-02 16:46:37] com.netflix.discovery.provider.DiscoveryJerseyProvider [70] - Using JSON encoding codec LegacyJacksonJson
[ INFO ] [2018-02-02 16:46:37] com.netflix.discovery.provider.DiscoveryJerseyProvider [71] - Using JSON decoding codec LegacyJacksonJson
[ INFO ] [2018-02-02 16:46:37] com.netflix.discovery.provider.DiscoveryJerseyProvider [80] - Using XML encoding codec XStreamXml
[ INFO ] [2018-02-02 16:46:37] com.netflix.discovery.provider.DiscoveryJerseyProvider [81] - Using XML decoding codec XStreamXml
[ INFO ] [2018-02-02 16:46:37] com.netflix.discovery.shared.resolver.aws.ConfigClusterResolver [43] - Resolving eureka endpoints via configuration
[ INFO ] [2018-02-02 16:46:37] com.netflix.discovery.DiscoveryClient [920] - Disable delta property : false
[ INFO ] [2018-02-02 16:46:37] com.netflix.discovery.DiscoveryClient [921] - Single vip registry refresh property : null
[ INFO ] [2018-02-02 16:46:37] com.netflix.discovery.DiscoveryClient [922] - Force full registry fetch : false
[ INFO ] [2018-02-02 16:46:37] com.netflix.discovery.DiscoveryClient [923] - Application is null : false
[ INFO ] [2018-02-02 16:46:37] com.netflix.discovery.DiscoveryClient [924] - Registered Applications size is zero : true
[ INFO ] [2018-02-02 16:46:37] com.netflix.discovery.DiscoveryClient [926] - Application version is -1: true
[ INFO ] [2018-02-02 16:46:37] com.netflix.discovery.DiscoveryClient [1009] - Getting all instance registry info from the eureka server
[ INFO ] [2018-02-02 16:46:38] com.netflix.discovery.DiscoveryClient [1018] - The response status is 200
[ INFO ] [2018-02-02 16:46:38] com.netflix.discovery.DiscoveryClient [1244] - Starting heartbeat executor: renew interval is: 30
[ INFO ] [2018-02-02 16:46:38] com.netflix.discovery.InstanceInfoReplicator [59] - InstanceInfoReplicator onDemand update allowed rate per min is 4
[ INFO ] [2018-02-02 16:46:38] com.netflix.discovery.DiscoveryClient [425] - Discovery Client initialized at timestamp 1517561198065 with initial instances count: 1
[ INFO ] [2018-02-02 16:46:38] org.springframework.cloud.netflix.eureka.serviceregistry.EurekaServiceRegistry [40] - Registering application frist-springboot-notice with eureka with status UP
[ INFO ] [2018-02-02 16:46:38] com.netflix.discovery.DiscoveryClient [1279] - Saw local status change event StatusChangeEvent [timestamp=1517561198091, current=UP, previous=STARTING]
[ INFO ] [2018-02-02 16:46:38] com.netflix.discovery.DiscoveryClient [795] - DiscoveryClient_FRIST-SPRINGBOOT-NOTICE/localhost:frist-springboot-notice:8090: registering service...
[ INFO ] [2018-02-02 16:46:38] com.netflix.discovery.DiscoveryClient [804] - DiscoveryClient_FRIST-SPRINGBOOT-NOTICE/localhost:frist-springboot-notice:8090 - registration status: 204
[ INFO ] [2018-02-02 16:46:38] org.springframework.boot.context.embedded.tomcat.TomcatEmbeddedServletContainer [201] - Tomcat started on port(s): 8090 (http)
[ INFO ] [2018-02-02 16:46:38] org.springframework.cloud.netflix.eureka.serviceregistry.EurekaAutoServiceRegistration [117] - Updating port to 8090
[ INFO ] [2018-02-02 16:46:38] boot.NoticeApplication [57] - Started NoticeApplication in 15.435 seconds (JVM running for 21.826)
