[ ERROR] [2018-01-05 10:36:30] org.springframework.boot.SpringApplication [771] - Application startup failed
java.lang.IllegalStateException: Logback configuration error detected: 
ERROR in ch.qos.logback.core.joran.action.PropertyAction - Could not find resource [application-@profileActive@.properties].
	at org.springframework.boot.logging.logback.LogbackLoggingSystem.loadConfiguration(LogbackLoggingSystem.java:162)
	at org.springframework.boot.logging.AbstractLoggingSystem.initializeWithConventions(AbstractLoggingSystem.java:81)
	at org.springframework.boot.logging.AbstractLoggingSystem.initialize(AbstractLoggingSystem.java:59)
	at org.springframework.boot.logging.logback.LogbackLoggingSystem.initialize(LogbackLoggingSystem.java:115)
	at org.springframework.boot.logging.LoggingApplicationListener.initializeSystem(LoggingApplicationListener.java:303)
	at org.springframework.boot.logging.LoggingApplicationListener.initialize(LoggingApplicationListener.java:276)
	at org.springframework.boot.logging.LoggingApplicationListener.onApplicationEnvironmentPreparedEvent(LoggingApplicationListener.java:239)
	at org.springframework.boot.logging.LoggingApplicationListener.onApplicationEvent(LoggingApplicationListener.java:212)
	at org.springframework.context.event.SimpleApplicationEventMulticaster.invokeListener(SimpleApplicationEventMulticaster.java:167)
	at org.springframework.context.event.SimpleApplicationEventMulticaster.multicastEvent(SimpleApplicationEventMulticaster.java:139)
	at org.springframework.context.event.SimpleApplicationEventMulticaster.multicastEvent(SimpleApplicationEventMulticaster.java:122)
	at org.springframework.boot.context.event.EventPublishingRunListener.environmentPrepared(EventPublishingRunListener.java:74)
	at org.springframework.boot.SpringApplicationRunListeners.environmentPrepared(SpringApplicationRunListeners.java:54)
	at org.springframework.boot.SpringApplication.prepareEnvironment(SpringApplication.java:325)
	at org.springframework.boot.SpringApplication.run(SpringApplication.java:296)
	at org.springframework.boot.SpringApplication.run(SpringApplication.java:1118)
	at org.springframework.boot.SpringApplication.run(SpringApplication.java:1107)
	at FristSpringbootDaoApplication.main(FristSpringbootDaoApplication.java:10)
[ ERROR] [2018-01-05 10:39:15] org.springframework.boot.SpringApplication [771] - Application startup failed
java.lang.IllegalStateException: Logback configuration error detected: 
ERROR in ch.qos.logback.core.joran.action.PropertyAction - Could not find resource [application-@profileActive@.properties].
	at org.springframework.boot.logging.logback.LogbackLoggingSystem.loadConfiguration(LogbackLoggingSystem.java:162)
	at org.springframework.boot.logging.AbstractLoggingSystem.initializeWithConventions(AbstractLoggingSystem.java:81)
	at org.springframework.boot.logging.AbstractLoggingSystem.initialize(AbstractLoggingSystem.java:59)
	at org.springframework.boot.logging.logback.LogbackLoggingSystem.initialize(LogbackLoggingSystem.java:115)
	at org.springframework.boot.logging.LoggingApplicationListener.initializeSystem(LoggingApplicationListener.java:303)
	at org.springframework.boot.logging.LoggingApplicationListener.initialize(LoggingApplicationListener.java:276)
	at org.springframework.boot.logging.LoggingApplicationListener.onApplicationEnvironmentPreparedEvent(LoggingApplicationListener.java:239)
	at org.springframework.boot.logging.LoggingApplicationListener.onApplicationEvent(LoggingApplicationListener.java:212)
	at org.springframework.context.event.SimpleApplicationEventMulticaster.invokeListener(SimpleApplicationEventMulticaster.java:167)
	at org.springframework.context.event.SimpleApplicationEventMulticaster.multicastEvent(SimpleApplicationEventMulticaster.java:139)
	at org.springframework.context.event.SimpleApplicationEventMulticaster.multicastEvent(SimpleApplicationEventMulticaster.java:122)
	at org.springframework.boot.context.event.EventPublishingRunListener.environmentPrepared(EventPublishingRunListener.java:74)
	at org.springframework.boot.SpringApplicationRunListeners.environmentPrepared(SpringApplicationRunListeners.java:54)
	at org.springframework.boot.SpringApplication.prepareEnvironment(SpringApplication.java:325)
	at org.springframework.boot.SpringApplication.run(SpringApplication.java:296)
	at org.springframework.boot.SpringApplication.run(SpringApplication.java:1118)
	at org.springframework.boot.SpringApplication.run(SpringApplication.java:1107)
	at FristSpringbootDaoApplication.main(FristSpringbootDaoApplication.java:10)
[ INFO ] [2018-01-05 10:39:44] org.springframework.boot.context.embedded.AnnotationConfigEmbeddedWebApplicationContext [583] - Refreshing org.springframework.boot.context.embedded.AnnotationConfigEmbeddedWebApplicationContext@61fe30: startup date [Fri Jan 05 10:39:44 CST 2018]; root of context hierarchy
[ INFO ] [2018-01-05 10:39:56] org.springframework.boot.context.embedded.tomcat.TomcatEmbeddedServletContainer [89] - Tomcat initialized with port(s): 9090 (http)
[ INFO ] [2018-01-05 10:39:57] org.springframework.web.context.ContextLoader [276] - Root WebApplicationContext: initialization completed in 13024 ms
[ INFO ] [2018-01-05 10:39:57] org.springframework.boot.web.servlet.ServletRegistrationBean [190] - Mapping servlet: 'dispatcherServlet' to [/]
[ INFO ] [2018-01-05 10:39:57] org.springframework.boot.web.servlet.FilterRegistrationBean [258] - Mapping filter: 'characterEncodingFilter' to: [/*]
[ INFO ] [2018-01-05 10:39:57] org.springframework.boot.web.servlet.FilterRegistrationBean [258] - Mapping filter: 'hiddenHttpMethodFilter' to: [/*]
[ INFO ] [2018-01-05 10:39:57] org.springframework.boot.web.servlet.FilterRegistrationBean [258] - Mapping filter: 'httpPutFormContentFilter' to: [/*]
[ INFO ] [2018-01-05 10:39:57] org.springframework.boot.web.servlet.FilterRegistrationBean [258] - Mapping filter: 'requestContextFilter' to: [/*]
[ INFO ] [2018-01-05 10:40:01] org.springframework.web.servlet.mvc.method.annotation.RequestMappingHandlerAdapter [534] - Looking for @ControllerAdvice: org.springframework.boot.context.embedded.AnnotationConfigEmbeddedWebApplicationContext@61fe30: startup date [Fri Jan 05 10:39:44 CST 2018]; root of context hierarchy
[ INFO ] [2018-01-05 10:40:01] org.springframework.web.servlet.mvc.method.annotation.RequestMappingHandlerMapping [543] - Mapped "{[/frist/test]}" onto public java.util.List<java.util.Map<java.lang.String, java.lang.Object>> testController.Test()
[ INFO ] [2018-01-05 10:40:01] org.springframework.web.servlet.mvc.method.annotation.RequestMappingHandlerMapping [543] - Mapped "{[/error]}" onto public org.springframework.http.ResponseEntity<java.util.Map<java.lang.String, java.lang.Object>> org.springframework.boot.autoconfigure.web.BasicErrorController.error(javax.servlet.http.HttpServletRequest)
[ INFO ] [2018-01-05 10:40:01] org.springframework.web.servlet.mvc.method.annotation.RequestMappingHandlerMapping [543] - Mapped "{[/error],produces=[text/html]}" onto public org.springframework.web.servlet.ModelAndView org.springframework.boot.autoconfigure.web.BasicErrorController.errorHtml(javax.servlet.http.HttpServletRequest,javax.servlet.http.HttpServletResponse)
[ INFO ] [2018-01-05 10:40:02] org.springframework.web.servlet.handler.SimpleUrlHandlerMapping [362] - Mapped URL path [/webjars/**] onto handler of type [class org.springframework.web.servlet.resource.ResourceHttpRequestHandler]
[ INFO ] [2018-01-05 10:40:02] org.springframework.web.servlet.handler.SimpleUrlHandlerMapping [362] - Mapped URL path [/**] onto handler of type [class org.springframework.web.servlet.resource.ResourceHttpRequestHandler]
[ INFO ] [2018-01-05 10:40:02] org.springframework.web.servlet.handler.SimpleUrlHandlerMapping [362] - Mapped URL path [/**/favicon.ico] onto handler of type [class org.springframework.web.servlet.resource.ResourceHttpRequestHandler]
[ INFO ] [2018-01-05 10:40:02] org.springframework.boot.context.embedded.tomcat.TomcatEmbeddedServletContainer [201] - Tomcat started on port(s): 9090 (http)
[ INFO ] [2018-01-05 10:40:40] org.springframework.web.servlet.DispatcherServlet [489] - FrameworkServlet 'dispatcherServlet': initialization started
[ INFO ] [2018-01-05 10:40:40] org.springframework.web.servlet.DispatcherServlet [508] - FrameworkServlet 'dispatcherServlet': initialization completed in 53 ms
[ INFO ] [2018-01-05 10:42:27] org.springframework.boot.context.embedded.AnnotationConfigEmbeddedWebApplicationContext [583] - Refreshing org.springframework.boot.context.embedded.AnnotationConfigEmbeddedWebApplicationContext@61fe30: startup date [Fri Jan 05 10:42:27 CST 2018]; root of context hierarchy
[ INFO ] [2018-01-05 10:42:29] org.springframework.boot.context.embedded.tomcat.TomcatEmbeddedServletContainer [89] - Tomcat initialized with port(s): 9090 (http)
[ INFO ] [2018-01-05 10:42:29] org.springframework.web.context.ContextLoader [276] - Root WebApplicationContext: initialization completed in 2162 ms
[ INFO ] [2018-01-05 10:42:29] org.springframework.boot.web.servlet.ServletRegistrationBean [190] - Mapping servlet: 'dispatcherServlet' to [/]
[ INFO ] [2018-01-05 10:42:29] org.springframework.boot.web.servlet.FilterRegistrationBean [258] - Mapping filter: 'characterEncodingFilter' to: [/*]
[ INFO ] [2018-01-05 10:42:29] org.springframework.boot.web.servlet.FilterRegistrationBean [258] - Mapping filter: 'hiddenHttpMethodFilter' to: [/*]
[ INFO ] [2018-01-05 10:42:29] org.springframework.boot.web.servlet.FilterRegistrationBean [258] - Mapping filter: 'httpPutFormContentFilter' to: [/*]
[ INFO ] [2018-01-05 10:42:29] org.springframework.boot.web.servlet.FilterRegistrationBean [258] - Mapping filter: 'requestContextFilter' to: [/*]
[ INFO ] [2018-01-05 10:42:30] org.springframework.web.servlet.mvc.method.annotation.RequestMappingHandlerAdapter [534] - Looking for @ControllerAdvice: org.springframework.boot.context.embedded.AnnotationConfigEmbeddedWebApplicationContext@61fe30: startup date [Fri Jan 05 10:42:27 CST 2018]; root of context hierarchy
[ INFO ] [2018-01-05 10:42:30] org.springframework.web.servlet.mvc.method.annotation.RequestMappingHandlerMapping [543] - Mapped "{[/frist/test]}" onto public java.util.List<java.util.Map<java.lang.String, java.lang.Object>> testController.Test()
[ INFO ] [2018-01-05 10:42:30] org.springframework.web.servlet.mvc.method.annotation.RequestMappingHandlerMapping [543] - Mapped "{[/error]}" onto public org.springframework.http.ResponseEntity<java.util.Map<java.lang.String, java.lang.Object>> org.springframework.boot.autoconfigure.web.BasicErrorController.error(javax.servlet.http.HttpServletRequest)
[ INFO ] [2018-01-05 10:42:30] org.springframework.web.servlet.mvc.method.annotation.RequestMappingHandlerMapping [543] - Mapped "{[/error],produces=[text/html]}" onto public org.springframework.web.servlet.ModelAndView org.springframework.boot.autoconfigure.web.BasicErrorController.errorHtml(javax.servlet.http.HttpServletRequest,javax.servlet.http.HttpServletResponse)
[ INFO ] [2018-01-05 10:42:30] org.springframework.web.servlet.handler.SimpleUrlHandlerMapping [362] - Mapped URL path [/webjars/**] onto handler of type [class org.springframework.web.servlet.resource.ResourceHttpRequestHandler]
[ INFO ] [2018-01-05 10:42:30] org.springframework.web.servlet.handler.SimpleUrlHandlerMapping [362] - Mapped URL path [/**] onto handler of type [class org.springframework.web.servlet.resource.ResourceHttpRequestHandler]
[ INFO ] [2018-01-05 10:42:30] org.springframework.web.servlet.handler.SimpleUrlHandlerMapping [362] - Mapped URL path [/**/favicon.ico] onto handler of type [class org.springframework.web.servlet.resource.ResourceHttpRequestHandler]
[ INFO ] [2018-01-05 10:42:31] org.springframework.boot.context.embedded.tomcat.TomcatEmbeddedServletContainer [201] - Tomcat started on port(s): 9090 (http)
[ INFO ] [2018-01-05 11:14:27] org.springframework.boot.context.embedded.AnnotationConfigEmbeddedWebApplicationContext [583] - Refreshing org.springframework.boot.context.embedded.AnnotationConfigEmbeddedWebApplicationContext@3f1d2e23: startup date [Fri Jan 05 11:14:27 CST 2018]; root of context hierarchy
[ INFO ] [2018-01-05 11:14:31] org.springframework.boot.context.embedded.tomcat.TomcatEmbeddedServletContainer [89] - Tomcat initialized with port(s): 9090 (http)
[ INFO ] [2018-01-05 11:14:31] org.springframework.web.context.ContextLoader [276] - Root WebApplicationContext: initialization completed in 4299 ms
[ INFO ] [2018-01-05 11:14:31] org.springframework.boot.web.servlet.ServletRegistrationBean [190] - Mapping servlet: 'dispatcherServlet' to [/]
[ INFO ] [2018-01-05 11:14:31] org.springframework.boot.web.servlet.FilterRegistrationBean [258] - Mapping filter: 'characterEncodingFilter' to: [/*]
[ INFO ] [2018-01-05 11:14:31] org.springframework.boot.web.servlet.FilterRegistrationBean [258] - Mapping filter: 'hiddenHttpMethodFilter' to: [/*]
[ INFO ] [2018-01-05 11:14:31] org.springframework.boot.web.servlet.FilterRegistrationBean [258] - Mapping filter: 'httpPutFormContentFilter' to: [/*]
[ INFO ] [2018-01-05 11:14:31] org.springframework.boot.web.servlet.FilterRegistrationBean [258] - Mapping filter: 'requestContextFilter' to: [/*]
[ INFO ] [2018-01-05 11:14:33] org.springframework.web.servlet.mvc.method.annotation.RequestMappingHandlerAdapter [534] - Looking for @ControllerAdvice: org.springframework.boot.context.embedded.AnnotationConfigEmbeddedWebApplicationContext@3f1d2e23: startup date [Fri Jan 05 11:14:27 CST 2018]; root of context hierarchy
[ INFO ] [2018-01-05 11:14:33] org.springframework.web.servlet.mvc.method.annotation.RequestMappingHandlerMapping [543] - Mapped "{[/frist/test]}" onto public java.util.List<java.util.Map<java.lang.String, java.lang.Object>> DaoDate.controller.testController.Test()
[ INFO ] [2018-01-05 11:14:33] org.springframework.web.servlet.mvc.method.annotation.RequestMappingHandlerMapping [543] - Mapped "{[/error]}" onto public org.springframework.http.ResponseEntity<java.util.Map<java.lang.String, java.lang.Object>> org.springframework.boot.autoconfigure.web.BasicErrorController.error(javax.servlet.http.HttpServletRequest)
[ INFO ] [2018-01-05 11:14:33] org.springframework.web.servlet.mvc.method.annotation.RequestMappingHandlerMapping [543] - Mapped "{[/error],produces=[text/html]}" onto public org.springframework.web.servlet.ModelAndView org.springframework.boot.autoconfigure.web.BasicErrorController.errorHtml(javax.servlet.http.HttpServletRequest,javax.servlet.http.HttpServletResponse)
[ INFO ] [2018-01-05 11:14:33] org.springframework.web.servlet.handler.SimpleUrlHandlerMapping [362] - Mapped URL path [/webjars/**] onto handler of type [class org.springframework.web.servlet.resource.ResourceHttpRequestHandler]
[ INFO ] [2018-01-05 11:14:33] org.springframework.web.servlet.handler.SimpleUrlHandlerMapping [362] - Mapped URL path [/**] onto handler of type [class org.springframework.web.servlet.resource.ResourceHttpRequestHandler]
[ INFO ] [2018-01-05 11:14:33] org.springframework.web.servlet.handler.SimpleUrlHandlerMapping [362] - Mapped URL path [/**/favicon.ico] onto handler of type [class org.springframework.web.servlet.resource.ResourceHttpRequestHandler]
[ INFO ] [2018-01-05 11:14:34] org.springframework.boot.context.embedded.tomcat.TomcatEmbeddedServletContainer [201] - Tomcat started on port(s): 9090 (http)
[ INFO ] [2018-01-05 11:14:42] org.springframework.web.servlet.DispatcherServlet [489] - FrameworkServlet 'dispatcherServlet': initialization started
[ INFO ] [2018-01-05 11:14:42] org.springframework.web.servlet.DispatcherServlet [508] - FrameworkServlet 'dispatcherServlet': initialization completed in 30 ms
[ INFO ] [2018-01-05 14:17:46] org.springframework.boot.context.embedded.AnnotationConfigEmbeddedWebApplicationContext [583] - Refreshing org.springframework.boot.context.embedded.AnnotationConfigEmbeddedWebApplicationContext@66c61024: startup date [Fri Jan 05 14:17:46 CST 2018]; root of context hierarchy
[ INFO ] [2018-01-05 14:17:48] org.springframework.boot.context.embedded.tomcat.TomcatEmbeddedServletContainer [89] - Tomcat initialized with port(s): 8080 (http)
[ INFO ] [2018-01-05 14:17:48] org.springframework.web.context.ContextLoader [276] - Root WebApplicationContext: initialization completed in 2065 ms
[ INFO ] [2018-01-05 14:17:48] org.springframework.boot.web.servlet.ServletRegistrationBean [190] - Mapping servlet: 'dispatcherServlet' to [/]
[ INFO ] [2018-01-05 14:17:48] org.springframework.boot.web.servlet.FilterRegistrationBean [258] - Mapping filter: 'characterEncodingFilter' to: [/*]
[ INFO ] [2018-01-05 14:17:48] org.springframework.boot.web.servlet.FilterRegistrationBean [258] - Mapping filter: 'hiddenHttpMethodFilter' to: [/*]
[ INFO ] [2018-01-05 14:17:48] org.springframework.boot.web.servlet.FilterRegistrationBean [258] - Mapping filter: 'httpPutFormContentFilter' to: [/*]
[ INFO ] [2018-01-05 14:17:48] org.springframework.boot.web.servlet.FilterRegistrationBean [258] - Mapping filter: 'requestContextFilter' to: [/*]
[ WARN ] [2018-01-05 14:17:49] org.springframework.boot.context.embedded.AnnotationConfigEmbeddedWebApplicationContext [551] - Exception encountered during context initialization - cancelling refresh attempt: org.springframework.beans.factory.BeanCreationException: Error creating bean with name 'testBean' defined in class path resource [fristspringboot/fristspringbootdao/config/DaoConfig.class]: Invalid factory method 'testBean': needs to have a non-void return type!
[ INFO ] [2018-01-05 14:17:49] org.springframework.boot.autoconfigure.logging.AutoConfigurationReportLoggingInitializer [101] - 

Error starting ApplicationContext. To display the auto-configuration report re-run your application with 'debug' enabled.
[ ERROR] [2018-01-05 14:17:49] org.springframework.boot.SpringApplication [771] - Application startup failed
org.springframework.beans.factory.BeanCreationException: Error creating bean with name 'testBean' defined in class path resource [fristspringboot/fristspringbootdao/config/DaoConfig.class]: Invalid factory method 'testBean': needs to have a non-void return type!
	at org.springframework.beans.factory.support.ConstructorResolver.instantiateUsingFactoryMethod(ConstructorResolver.java:557)
	at org.springframework.beans.factory.support.AbstractAutowireCapableBeanFactory.instantiateUsingFactoryMethod(AbstractAutowireCapableBeanFactory.java:1173)
	at org.springframework.beans.factory.support.AbstractAutowireCapableBeanFactory.createBeanInstance(AbstractAutowireCapableBeanFactory.java:1067)
	at org.springframework.beans.factory.support.AbstractAutowireCapableBeanFactory.doCreateBean(AbstractAutowireCapableBeanFactory.java:513)
	at org.springframework.beans.factory.support.AbstractAutowireCapableBeanFactory.createBean(AbstractAutowireCapableBeanFactory.java:483)
	at org.springframework.beans.factory.support.AbstractBeanFactory$1.getObject(AbstractBeanFactory.java:306)
	at org.springframework.beans.factory.support.DefaultSingletonBeanRegistry.getSingleton(DefaultSingletonBeanRegistry.java:230)
	at org.springframework.beans.factory.support.AbstractBeanFactory.doGetBean(AbstractBeanFactory.java:302)
	at org.springframework.beans.factory.support.AbstractBeanFactory.getBean(AbstractBeanFactory.java:197)
	at org.springframework.beans.factory.support.DefaultListableBeanFactory.preInstantiateSingletons(DefaultListableBeanFactory.java:761)
	at org.springframework.context.support.AbstractApplicationContext.finishBeanFactoryInitialization(AbstractApplicationContext.java:867)
	at org.springframework.context.support.AbstractApplicationContext.refresh(AbstractApplicationContext.java:543)
	at org.springframework.boot.context.embedded.EmbeddedWebApplicationContext.refresh(EmbeddedWebApplicationContext.java:122)
	at org.springframework.boot.SpringApplication.refresh(SpringApplication.java:693)
	at org.springframework.boot.SpringApplication.refreshContext(SpringApplication.java:360)
	at org.springframework.boot.SpringApplication.run(SpringApplication.java:303)
	at org.springframework.boot.SpringApplication.run(SpringApplication.java:1118)
	at org.springframework.boot.SpringApplication.run(SpringApplication.java:1107)
	at FristSpringbootDaoApplication.main(FristSpringbootDaoApplication.java:10)
[ INFO ] [2018-01-05 14:21:21] org.springframework.boot.context.embedded.AnnotationConfigEmbeddedWebApplicationContext [583] - Refreshing org.springframework.boot.context.embedded.AnnotationConfigEmbeddedWebApplicationContext@61fe30: startup date [Fri Jan 05 14:21:21 CST 2018]; root of context hierarchy
[ INFO ] [2018-01-05 14:21:23] org.springframework.boot.context.embedded.tomcat.TomcatEmbeddedServletContainer [89] - Tomcat initialized with port(s): 8080 (http)
[ INFO ] [2018-01-05 14:21:23] org.springframework.web.context.ContextLoader [276] - Root WebApplicationContext: initialization completed in 2186 ms
[ INFO ] [2018-01-05 14:21:23] org.springframework.boot.web.servlet.ServletRegistrationBean [190] - Mapping servlet: 'dispatcherServlet' to [/]
[ INFO ] [2018-01-05 14:21:23] org.springframework.boot.web.servlet.FilterRegistrationBean [258] - Mapping filter: 'characterEncodingFilter' to: [/*]
[ INFO ] [2018-01-05 14:21:23] org.springframework.boot.web.servlet.FilterRegistrationBean [258] - Mapping filter: 'hiddenHttpMethodFilter' to: [/*]
[ INFO ] [2018-01-05 14:21:23] org.springframework.boot.web.servlet.FilterRegistrationBean [258] - Mapping filter: 'httpPutFormContentFilter' to: [/*]
[ INFO ] [2018-01-05 14:21:23] org.springframework.boot.web.servlet.FilterRegistrationBean [258] - Mapping filter: 'requestContextFilter' to: [/*]
[ INFO ] [2018-01-05 14:21:25] org.springframework.web.servlet.mvc.method.annotation.RequestMappingHandlerAdapter [534] - Looking for @ControllerAdvice: org.springframework.boot.context.embedded.AnnotationConfigEmbeddedWebApplicationContext@61fe30: startup date [Fri Jan 05 14:21:21 CST 2018]; root of context hierarchy
[ INFO ] [2018-01-05 14:21:25] org.springframework.web.servlet.mvc.method.annotation.RequestMappingHandlerMapping [543] - Mapped "{[/frist/test]}" onto public java.util.List<java.util.Map<java.lang.String, java.lang.Object>> testController.Test()
[ INFO ] [2018-01-05 14:21:25] org.springframework.web.servlet.mvc.method.annotation.RequestMappingHandlerMapping [543] - Mapped "{[/error]}" onto public org.springframework.http.ResponseEntity<java.util.Map<java.lang.String, java.lang.Object>> org.springframework.boot.autoconfigure.web.BasicErrorController.error(javax.servlet.http.HttpServletRequest)
[ INFO ] [2018-01-05 14:21:25] org.springframework.web.servlet.mvc.method.annotation.RequestMappingHandlerMapping [543] - Mapped "{[/error],produces=[text/html]}" onto public org.springframework.web.servlet.ModelAndView org.springframework.boot.autoconfigure.web.BasicErrorController.errorHtml(javax.servlet.http.HttpServletRequest,javax.servlet.http.HttpServletResponse)
[ INFO ] [2018-01-05 14:21:25] org.springframework.web.servlet.handler.SimpleUrlHandlerMapping [362] - Mapped URL path [/webjars/**] onto handler of type [class org.springframework.web.servlet.resource.ResourceHttpRequestHandler]
[ INFO ] [2018-01-05 14:21:25] org.springframework.web.servlet.handler.SimpleUrlHandlerMapping [362] - Mapped URL path [/**] onto handler of type [class org.springframework.web.servlet.resource.ResourceHttpRequestHandler]
[ INFO ] [2018-01-05 14:21:25] org.springframework.web.servlet.handler.SimpleUrlHandlerMapping [362] - Mapped URL path [/**/favicon.ico] onto handler of type [class org.springframework.web.servlet.resource.ResourceHttpRequestHandler]
[ INFO ] [2018-01-05 14:21:27] org.springframework.boot.context.embedded.tomcat.TomcatEmbeddedServletContainer [201] - Tomcat started on port(s): 8080 (http)
[ INFO ] [2018-01-05 14:24:34] org.springframework.boot.context.embedded.AnnotationConfigEmbeddedWebApplicationContext [583] - Refreshing org.springframework.boot.context.embedded.AnnotationConfigEmbeddedWebApplicationContext@5ccddd20: startup date [Fri Jan 05 14:24:34 CST 2018]; root of context hierarchy
[ INFO ] [2018-01-05 14:24:37] org.springframework.boot.context.embedded.tomcat.TomcatEmbeddedServletContainer [89] - Tomcat initialized with port(s): 8080 (http)
[ INFO ] [2018-01-05 14:24:37] org.springframework.web.context.ContextLoader [276] - Root WebApplicationContext: initialization completed in 2227 ms
[ INFO ] [2018-01-05 14:24:37] org.springframework.boot.web.servlet.ServletRegistrationBean [190] - Mapping servlet: 'dispatcherServlet' to [/]
[ INFO ] [2018-01-05 14:24:37] org.springframework.boot.web.servlet.FilterRegistrationBean [258] - Mapping filter: 'characterEncodingFilter' to: [/*]
[ INFO ] [2018-01-05 14:24:37] org.springframework.boot.web.servlet.FilterRegistrationBean [258] - Mapping filter: 'hiddenHttpMethodFilter' to: [/*]
[ INFO ] [2018-01-05 14:24:37] org.springframework.boot.web.servlet.FilterRegistrationBean [258] - Mapping filter: 'httpPutFormContentFilter' to: [/*]
[ INFO ] [2018-01-05 14:24:37] org.springframework.boot.web.servlet.FilterRegistrationBean [258] - Mapping filter: 'requestContextFilter' to: [/*]
[ WARN ] [2018-01-05 14:24:37] org.springframework.boot.context.embedded.AnnotationConfigEmbeddedWebApplicationContext [551] - Exception encountered during context initialization - cancelling refresh attempt: org.springframework.beans.factory.BeanCreationException: Error creating bean with name 'testBean' defined in class path resource [fristspringboot/fristspringbootdao/config/DaoConfig.class]: Invalid factory method 'testBean': needs to have a non-void return type!
[ INFO ] [2018-01-05 14:24:37] org.springframework.boot.autoconfigure.logging.AutoConfigurationReportLoggingInitializer [101] - 

Error starting ApplicationContext. To display the auto-configuration report re-run your application with 'debug' enabled.
[ ERROR] [2018-01-05 14:24:37] org.springframework.boot.SpringApplication [771] - Application startup failed
org.springframework.beans.factory.BeanCreationException: Error creating bean with name 'testBean' defined in class path resource [fristspringboot/fristspringbootdao/config/DaoConfig.class]: Invalid factory method 'testBean': needs to have a non-void return type!
	at org.springframework.beans.factory.support.ConstructorResolver.instantiateUsingFactoryMethod(ConstructorResolver.java:557)
	at org.springframework.beans.factory.support.AbstractAutowireCapableBeanFactory.instantiateUsingFactoryMethod(AbstractAutowireCapableBeanFactory.java:1173)
	at org.springframework.beans.factory.support.AbstractAutowireCapableBeanFactory.createBeanInstance(AbstractAutowireCapableBeanFactory.java:1067)
	at org.springframework.beans.factory.support.AbstractAutowireCapableBeanFactory.doCreateBean(AbstractAutowireCapableBeanFactory.java:513)
	at org.springframework.beans.factory.support.AbstractAutowireCapableBeanFactory.createBean(AbstractAutowireCapableBeanFactory.java:483)
	at org.springframework.beans.factory.support.AbstractBeanFactory$1.getObject(AbstractBeanFactory.java:306)
	at org.springframework.beans.factory.support.DefaultSingletonBeanRegistry.getSingleton(DefaultSingletonBeanRegistry.java:230)
	at org.springframework.beans.factory.support.AbstractBeanFactory.doGetBean(AbstractBeanFactory.java:302)
	at org.springframework.beans.factory.support.AbstractBeanFactory.getBean(AbstractBeanFactory.java:197)
	at org.springframework.beans.factory.support.DefaultListableBeanFactory.preInstantiateSingletons(DefaultListableBeanFactory.java:761)
	at org.springframework.context.support.AbstractApplicationContext.finishBeanFactoryInitialization(AbstractApplicationContext.java:867)
	at org.springframework.context.support.AbstractApplicationContext.refresh(AbstractApplicationContext.java:543)
	at org.springframework.boot.context.embedded.EmbeddedWebApplicationContext.refresh(EmbeddedWebApplicationContext.java:122)
	at org.springframework.boot.SpringApplication.refresh(SpringApplication.java:693)
	at org.springframework.boot.SpringApplication.refreshContext(SpringApplication.java:360)
	at org.springframework.boot.SpringApplication.run(SpringApplication.java:303)
	at org.springframework.boot.SpringApplication.run(SpringApplication.java:1118)
	at org.springframework.boot.SpringApplication.run(SpringApplication.java:1107)
	at FristSpringbootDaoApplication.main(FristSpringbootDaoApplication.java:10)
[ INFO ] [2018-01-05 14:25:25] org.springframework.boot.context.embedded.AnnotationConfigEmbeddedWebApplicationContext [583] - Refreshing org.springframework.boot.context.embedded.AnnotationConfigEmbeddedWebApplicationContext@96def03: startup date [Fri Jan 05 14:25:25 CST 2018]; root of context hierarchy
[ INFO ] [2018-01-05 14:25:27] org.springframework.boot.context.embedded.tomcat.TomcatEmbeddedServletContainer [89] - Tomcat initialized with port(s): 8080 (http)
[ INFO ] [2018-01-05 14:25:27] org.springframework.web.context.ContextLoader [276] - Root WebApplicationContext: initialization completed in 1906 ms
[ INFO ] [2018-01-05 14:25:27] org.springframework.boot.web.servlet.ServletRegistrationBean [190] - Mapping servlet: 'dispatcherServlet' to [/]
[ INFO ] [2018-01-05 14:25:27] org.springframework.boot.web.servlet.FilterRegistrationBean [258] - Mapping filter: 'characterEncodingFilter' to: [/*]
[ INFO ] [2018-01-05 14:25:27] org.springframework.boot.web.servlet.FilterRegistrationBean [258] - Mapping filter: 'hiddenHttpMethodFilter' to: [/*]
[ INFO ] [2018-01-05 14:25:27] org.springframework.boot.web.servlet.FilterRegistrationBean [258] - Mapping filter: 'httpPutFormContentFilter' to: [/*]
[ INFO ] [2018-01-05 14:25:27] org.springframework.boot.web.servlet.FilterRegistrationBean [258] - Mapping filter: 'requestContextFilter' to: [/*]
[ WARN ] [2018-01-05 14:25:27] org.springframework.boot.context.embedded.AnnotationConfigEmbeddedWebApplicationContext [551] - Exception encountered during context initialization - cancelling refresh attempt: org.springframework.beans.factory.BeanCreationException: Error creating bean with name 'test' defined in class path resource [fristspringboot/fristspringbootdao/config/DaoConfig.class]: Invalid factory method 'test': needs to have a non-void return type!
[ INFO ] [2018-01-05 14:25:27] org.springframework.boot.autoconfigure.logging.AutoConfigurationReportLoggingInitializer [101] - 

Error starting ApplicationContext. To display the auto-configuration report re-run your application with 'debug' enabled.
[ ERROR] [2018-01-05 14:25:27] org.springframework.boot.SpringApplication [771] - Application startup failed
org.springframework.beans.factory.BeanCreationException: Error creating bean with name 'test' defined in class path resource [fristspringboot/fristspringbootdao/config/DaoConfig.class]: Invalid factory method 'test': needs to have a non-void return type!
	at org.springframework.beans.factory.support.ConstructorResolver.instantiateUsingFactoryMethod(ConstructorResolver.java:557)
	at org.springframework.beans.factory.support.AbstractAutowireCapableBeanFactory.instantiateUsingFactoryMethod(AbstractAutowireCapableBeanFactory.java:1173)
	at org.springframework.beans.factory.support.AbstractAutowireCapableBeanFactory.createBeanInstance(AbstractAutowireCapableBeanFactory.java:1067)
	at org.springframework.beans.factory.support.AbstractAutowireCapableBeanFactory.doCreateBean(AbstractAutowireCapableBeanFactory.java:513)
	at org.springframework.beans.factory.support.AbstractAutowireCapableBeanFactory.createBean(AbstractAutowireCapableBeanFactory.java:483)
	at org.springframework.beans.factory.support.AbstractBeanFactory$1.getObject(AbstractBeanFactory.java:306)
	at org.springframework.beans.factory.support.DefaultSingletonBeanRegistry.getSingleton(DefaultSingletonBeanRegistry.java:230)
	at org.springframework.beans.factory.support.AbstractBeanFactory.doGetBean(AbstractBeanFactory.java:302)
	at org.springframework.beans.factory.support.AbstractBeanFactory.getBean(AbstractBeanFactory.java:197)
	at org.springframework.beans.factory.support.DefaultListableBeanFactory.preInstantiateSingletons(DefaultListableBeanFactory.java:761)
	at org.springframework.context.support.AbstractApplicationContext.finishBeanFactoryInitialization(AbstractApplicationContext.java:867)
	at org.springframework.context.support.AbstractApplicationContext.refresh(AbstractApplicationContext.java:543)
	at org.springframework.boot.context.embedded.EmbeddedWebApplicationContext.refresh(EmbeddedWebApplicationContext.java:122)
	at org.springframework.boot.SpringApplication.refresh(SpringApplication.java:693)
	at org.springframework.boot.SpringApplication.refreshContext(SpringApplication.java:360)
	at org.springframework.boot.SpringApplication.run(SpringApplication.java:303)
	at org.springframework.boot.SpringApplication.run(SpringApplication.java:1118)
	at org.springframework.boot.SpringApplication.run(SpringApplication.java:1107)
	at FristSpringbootDaoApplication.main(FristSpringbootDaoApplication.java:10)
[ INFO ] [2018-01-05 14:27:35] org.springframework.boot.context.embedded.AnnotationConfigEmbeddedWebApplicationContext [583] - Refreshing org.springframework.boot.context.embedded.AnnotationConfigEmbeddedWebApplicationContext@61fe30: startup date [Fri Jan 05 14:27:35 CST 2018]; root of context hierarchy
[ INFO ] [2018-01-05 14:27:37] org.springframework.boot.context.embedded.tomcat.TomcatEmbeddedServletContainer [89] - Tomcat initialized with port(s): 8080 (http)
[ INFO ] [2018-01-05 14:27:37] org.springframework.web.context.ContextLoader [276] - Root WebApplicationContext: initialization completed in 1736 ms
[ INFO ] [2018-01-05 14:27:37] org.springframework.boot.web.servlet.ServletRegistrationBean [190] - Mapping servlet: 'dispatcherServlet' to [/]
[ INFO ] [2018-01-05 14:27:37] org.springframework.boot.web.servlet.FilterRegistrationBean [258] - Mapping filter: 'characterEncodingFilter' to: [/*]
[ INFO ] [2018-01-05 14:27:37] org.springframework.boot.web.servlet.FilterRegistrationBean [258] - Mapping filter: 'hiddenHttpMethodFilter' to: [/*]
[ INFO ] [2018-01-05 14:27:37] org.springframework.boot.web.servlet.FilterRegistrationBean [258] - Mapping filter: 'httpPutFormContentFilter' to: [/*]
[ INFO ] [2018-01-05 14:27:37] org.springframework.boot.web.servlet.FilterRegistrationBean [258] - Mapping filter: 'requestContextFilter' to: [/*]
[ INFO ] [2018-01-05 14:27:38] org.springframework.web.servlet.mvc.method.annotation.RequestMappingHandlerAdapter [534] - Looking for @ControllerAdvice: org.springframework.boot.context.embedded.AnnotationConfigEmbeddedWebApplicationContext@61fe30: startup date [Fri Jan 05 14:27:35 CST 2018]; root of context hierarchy
[ INFO ] [2018-01-05 14:27:38] org.springframework.web.servlet.mvc.method.annotation.RequestMappingHandlerMapping [543] - Mapped "{[/frist/test]}" onto public java.util.List<java.util.Map<java.lang.String, java.lang.Object>> testController.Test()
[ INFO ] [2018-01-05 14:27:38] org.springframework.web.servlet.mvc.method.annotation.RequestMappingHandlerMapping [543] - Mapped "{[/error]}" onto public org.springframework.http.ResponseEntity<java.util.Map<java.lang.String, java.lang.Object>> org.springframework.boot.autoconfigure.web.BasicErrorController.error(javax.servlet.http.HttpServletRequest)
[ INFO ] [2018-01-05 14:27:38] org.springframework.web.servlet.mvc.method.annotation.RequestMappingHandlerMapping [543] - Mapped "{[/error],produces=[text/html]}" onto public org.springframework.web.servlet.ModelAndView org.springframework.boot.autoconfigure.web.BasicErrorController.errorHtml(javax.servlet.http.HttpServletRequest,javax.servlet.http.HttpServletResponse)
[ INFO ] [2018-01-05 14:27:38] org.springframework.web.servlet.handler.SimpleUrlHandlerMapping [362] - Mapped URL path [/webjars/**] onto handler of type [class org.springframework.web.servlet.resource.ResourceHttpRequestHandler]
[ INFO ] [2018-01-05 14:27:38] org.springframework.web.servlet.handler.SimpleUrlHandlerMapping [362] - Mapped URL path [/**] onto handler of type [class org.springframework.web.servlet.resource.ResourceHttpRequestHandler]
[ INFO ] [2018-01-05 14:27:38] org.springframework.web.servlet.handler.SimpleUrlHandlerMapping [362] - Mapped URL path [/**/favicon.ico] onto handler of type [class org.springframework.web.servlet.resource.ResourceHttpRequestHandler]
[ INFO ] [2018-01-05 14:27:38] org.springframework.boot.context.embedded.tomcat.TomcatEmbeddedServletContainer [201] - Tomcat started on port(s): 8080 (http)
[ INFO ] [2018-01-05 14:30:01] org.springframework.boot.context.embedded.AnnotationConfigEmbeddedWebApplicationContext [583] - Refreshing org.springframework.boot.context.embedded.AnnotationConfigEmbeddedWebApplicationContext@61fe30: startup date [Fri Jan 05 14:30:01 CST 2018]; root of context hierarchy
[ INFO ] [2018-01-05 14:30:03] org.springframework.boot.context.embedded.tomcat.TomcatEmbeddedServletContainer [89] - Tomcat initialized with port(s): 8080 (http)
[ INFO ] [2018-01-05 14:30:04] org.springframework.web.context.ContextLoader [276] - Root WebApplicationContext: initialization completed in 2585 ms
[ INFO ] [2018-01-05 14:30:04] org.springframework.boot.web.servlet.ServletRegistrationBean [190] - Mapping servlet: 'dispatcherServlet' to [/]
[ INFO ] [2018-01-05 14:30:04] org.springframework.boot.web.servlet.FilterRegistrationBean [258] - Mapping filter: 'characterEncodingFilter' to: [/*]
[ INFO ] [2018-01-05 14:30:04] org.springframework.boot.web.servlet.FilterRegistrationBean [258] - Mapping filter: 'hiddenHttpMethodFilter' to: [/*]
[ INFO ] [2018-01-05 14:30:04] org.springframework.boot.web.servlet.FilterRegistrationBean [258] - Mapping filter: 'httpPutFormContentFilter' to: [/*]
[ INFO ] [2018-01-05 14:30:04] org.springframework.boot.web.servlet.FilterRegistrationBean [258] - Mapping filter: 'requestContextFilter' to: [/*]
[ INFO ] [2018-01-05 14:30:05] org.springframework.web.servlet.mvc.method.annotation.RequestMappingHandlerAdapter [534] - Looking for @ControllerAdvice: org.springframework.boot.context.embedded.AnnotationConfigEmbeddedWebApplicationContext@61fe30: startup date [Fri Jan 05 14:30:01 CST 2018]; root of context hierarchy
[ INFO ] [2018-01-05 14:30:05] org.springframework.web.servlet.mvc.method.annotation.RequestMappingHandlerMapping [543] - Mapped "{[/frist/test]}" onto public java.util.List<java.util.Map<java.lang.String, java.lang.Object>> testController.Test()
[ INFO ] [2018-01-05 14:30:05] org.springframework.web.servlet.mvc.method.annotation.RequestMappingHandlerMapping [543] - Mapped "{[/error]}" onto public org.springframework.http.ResponseEntity<java.util.Map<java.lang.String, java.lang.Object>> org.springframework.boot.autoconfigure.web.BasicErrorController.error(javax.servlet.http.HttpServletRequest)
[ INFO ] [2018-01-05 14:30:05] org.springframework.web.servlet.mvc.method.annotation.RequestMappingHandlerMapping [543] - Mapped "{[/error],produces=[text/html]}" onto public org.springframework.web.servlet.ModelAndView org.springframework.boot.autoconfigure.web.BasicErrorController.errorHtml(javax.servlet.http.HttpServletRequest,javax.servlet.http.HttpServletResponse)
[ INFO ] [2018-01-05 14:30:05] org.springframework.web.servlet.handler.SimpleUrlHandlerMapping [362] - Mapped URL path [/webjars/**] onto handler of type [class org.springframework.web.servlet.resource.ResourceHttpRequestHandler]
[ INFO ] [2018-01-05 14:30:05] org.springframework.web.servlet.handler.SimpleUrlHandlerMapping [362] - Mapped URL path [/**] onto handler of type [class org.springframework.web.servlet.resource.ResourceHttpRequestHandler]
[ INFO ] [2018-01-05 14:30:05] org.springframework.web.servlet.handler.SimpleUrlHandlerMapping [362] - Mapped URL path [/**/favicon.ico] onto handler of type [class org.springframework.web.servlet.resource.ResourceHttpRequestHandler]
[ INFO ] [2018-01-05 14:30:05] org.springframework.boot.context.embedded.tomcat.TomcatEmbeddedServletContainer [201] - Tomcat started on port(s): 8080 (http)
[ INFO ] [2018-01-05 14:35:14] org.springframework.boot.context.embedded.AnnotationConfigEmbeddedWebApplicationContext [583] - Refreshing org.springframework.boot.context.embedded.AnnotationConfigEmbeddedWebApplicationContext@96def03: startup date [Fri Jan 05 14:35:14 CST 2018]; root of context hierarchy
[ INFO ] [2018-01-05 14:35:17] org.springframework.boot.context.embedded.tomcat.TomcatEmbeddedServletContainer [89] - Tomcat initialized with port(s): 8080 (http)
[ INFO ] [2018-01-05 14:35:17] org.springframework.web.context.ContextLoader [276] - Root WebApplicationContext: initialization completed in 2254 ms
[ INFO ] [2018-01-05 14:35:17] org.springframework.boot.web.servlet.ServletRegistrationBean [190] - Mapping servlet: 'dispatcherServlet' to [/]
[ INFO ] [2018-01-05 14:35:17] org.springframework.boot.web.servlet.FilterRegistrationBean [258] - Mapping filter: 'characterEncodingFilter' to: [/*]
[ INFO ] [2018-01-05 14:35:17] org.springframework.boot.web.servlet.FilterRegistrationBean [258] - Mapping filter: 'hiddenHttpMethodFilter' to: [/*]
[ INFO ] [2018-01-05 14:35:17] org.springframework.boot.web.servlet.FilterRegistrationBean [258] - Mapping filter: 'httpPutFormContentFilter' to: [/*]
[ INFO ] [2018-01-05 14:35:17] org.springframework.boot.web.servlet.FilterRegistrationBean [258] - Mapping filter: 'requestContextFilter' to: [/*]
[ INFO ] [2018-01-05 14:35:18] org.springframework.web.servlet.mvc.method.annotation.RequestMappingHandlerAdapter [534] - Looking for @ControllerAdvice: org.springframework.boot.context.embedded.AnnotationConfigEmbeddedWebApplicationContext@96def03: startup date [Fri Jan 05 14:35:14 CST 2018]; root of context hierarchy
[ INFO ] [2018-01-05 14:35:18] org.springframework.web.servlet.mvc.method.annotation.RequestMappingHandlerMapping [543] - Mapped "{[/frist/test]}" onto public java.util.List<java.util.Map<java.lang.String, java.lang.Object>> testController.Test()
[ INFO ] [2018-01-05 14:35:18] org.springframework.web.servlet.mvc.method.annotation.RequestMappingHandlerMapping [543] - Mapped "{[/error]}" onto public org.springframework.http.ResponseEntity<java.util.Map<java.lang.String, java.lang.Object>> org.springframework.boot.autoconfigure.web.BasicErrorController.error(javax.servlet.http.HttpServletRequest)
[ INFO ] [2018-01-05 14:35:18] org.springframework.web.servlet.mvc.method.annotation.RequestMappingHandlerMapping [543] - Mapped "{[/error],produces=[text/html]}" onto public org.springframework.web.servlet.ModelAndView org.springframework.boot.autoconfigure.web.BasicErrorController.errorHtml(javax.servlet.http.HttpServletRequest,javax.servlet.http.HttpServletResponse)
[ INFO ] [2018-01-05 14:35:18] org.springframework.web.servlet.handler.SimpleUrlHandlerMapping [362] - Mapped URL path [/webjars/**] onto handler of type [class org.springframework.web.servlet.resource.ResourceHttpRequestHandler]
[ INFO ] [2018-01-05 14:35:18] org.springframework.web.servlet.handler.SimpleUrlHandlerMapping [362] - Mapped URL path [/**] onto handler of type [class org.springframework.web.servlet.resource.ResourceHttpRequestHandler]
[ INFO ] [2018-01-05 14:35:18] org.springframework.web.servlet.handler.SimpleUrlHandlerMapping [362] - Mapped URL path [/**/favicon.ico] onto handler of type [class org.springframework.web.servlet.resource.ResourceHttpRequestHandler]
[ INFO ] [2018-01-05 14:35:18] org.springframework.boot.context.embedded.tomcat.TomcatEmbeddedServletContainer [201] - Tomcat started on port(s): 8080 (http)
